
*** Running vivado
    with args -log FPGAClock_24hr.vds -m64 -product Vivado -mode batch -messageDb vivado.pb -notrace -source FPGAClock_24hr.tcl



****** Vivado v2022.1 (64-bit)
  **** SW Build 3526262 on Mon Apr 18 15:48:16 MDT 2022
  **** IP Build 3524634 on Mon Apr 18 20:55:01 MDT 2022
    ** Copyright 1986-2022 Xilinx, Inc. All Rights Reserved.

source FPGAClock_24hr.tcl -notrace
Command: read_checkpoint -auto_incremental -incremental C:/Users/Darrn/Documents/24_hr_format_fpga_clock/24_hr_clock.srcs/utils_1/imports/synth_1/FPGAClock_24hr.dcp
INFO: [Vivado 12-5825] Read reference checkpoint from C:/Users/Darrn/Documents/24_hr_format_fpga_clock/24_hr_clock.srcs/utils_1/imports/synth_1/FPGAClock_24hr.dcp for incremental synthesis
INFO: [Vivado 12-7989] Please ensure there are no constraint changes
Command: synth_design -top FPGAClock_24hr -part xc7a35tcpg236-1
Starting synth_design
Attempting to get a license for feature 'Synthesis' and/or device 'xc7a35t'
INFO: [Common 17-349] Got license for feature 'Synthesis' and/or device 'xc7a35t'
INFO: [Device 21-403] Loading part xc7a35tcpg236-1
INFO: [Designutils 20-5440] No compile time benefit to using incremental synthesis; A full resynthesis will be run
INFO: [Designutils 20-4379] Flow is switching to default flow due to incremental criteria not met. If you would like to alter this behaviour and have the flow terminate instead, please set the following parameter config_implementation {autoIncr.Synth.RejectBehavior Terminate}
INFO: [Synth 8-7079] Multithreading enabled for synth_design using a maximum of 2 processes.
INFO: [Synth 8-7078] Launching helper process for spawning children vivado processes
INFO: [Synth 8-7075] Helper process launched with PID 17332
---------------------------------------------------------------------------------
Starting RTL Elaboration : Time (s): cpu = 00:00:03 ; elapsed = 00:00:04 . Memory (MB): peak = 1282.887 ; gain = 0.000
---------------------------------------------------------------------------------
INFO: [Synth 8-6157] synthesizing module 'FPGAClock_24hr' [C:/Users/Darrn/Documents/24_hr_format_fpga_clock/24hr_Clock.v:3]
INFO: [Synth 8-6157] synthesizing module 'Seven_Segment_Display' [C:/Users/Darrn/Documents/24_hr_format_fpga_clock/Seven_Segment_Display.v:3]
WARNING: [Synth 8-151] case item 4'b1011 is unreachable [C:/Users/Darrn/Documents/24_hr_format_fpga_clock/Seven_Segment_Display.v:37]
WARNING: [Synth 8-151] case item 4'b1011 is unreachable [C:/Users/Darrn/Documents/24_hr_format_fpga_clock/Seven_Segment_Display.v:37]
WARNING: [Synth 8-151] case item 4'b1011 is unreachable [C:/Users/Darrn/Documents/24_hr_format_fpga_clock/Seven_Segment_Display.v:37]
INFO: [Synth 8-6155] done synthesizing module 'Seven_Segment_Display' (0#1) [C:/Users/Darrn/Documents/24_hr_format_fpga_clock/Seven_Segment_Display.v:3]
INFO: [Synth 8-6155] done synthesizing module 'FPGAClock_24hr' (0#1) [C:/Users/Darrn/Documents/24_hr_format_fpga_clock/24hr_Clock.v:3]
---------------------------------------------------------------------------------
Finished RTL Elaboration : Time (s): cpu = 00:00:05 ; elapsed = 00:00:05 . Memory (MB): peak = 1282.887 ; gain = 0.000
---------------------------------------------------------------------------------
---------------------------------------------------------------------------------
Start Handling Custom Attributes
---------------------------------------------------------------------------------
---------------------------------------------------------------------------------
Finished Handling Custom Attributes : Time (s): cpu = 00:00:05 ; elapsed = 00:00:05 . Memory (MB): peak = 1282.887 ; gain = 0.000
---------------------------------------------------------------------------------
---------------------------------------------------------------------------------
Finished RTL Optimization Phase 1 : Time (s): cpu = 00:00:05 ; elapsed = 00:00:05 . Memory (MB): peak = 1282.887 ; gain = 0.000
---------------------------------------------------------------------------------
Netlist sorting complete. Time (s): cpu = 00:00:00 ; elapsed = 00:00:00.004 . Memory (MB): peak = 1282.887 ; gain = 0.000
INFO: [Project 1-570] Preparing netlist for logic optimization

Processing XDC Constraints
Initializing timing engine
Parsing XDC File [C:/Users/Darrn/Documents/24_hr_format_fpga_clock/24_hr_clock.srcs/constrs_1/new/Basys3_Master.xdc]
WARNING: [Vivado 12-584] No ports matched 'SW[0]'. [C:/Users/Darrn/Documents/24_hr_format_fpga_clock/24_hr_clock.srcs/constrs_1/new/Basys3_Master.xdc:13]
CRITICAL WARNING: [Common 17-55] 'set_property' expects at least one object. [C:/Users/Darrn/Documents/24_hr_format_fpga_clock/24_hr_clock.srcs/constrs_1/new/Basys3_Master.xdc:13]
Resolution: If [get_<value>] was used to populate the object, check to make sure this command returns at least one valid object.
WARNING: [Vivado 12-584] No ports matched 'SW[0]'. [C:/Users/Darrn/Documents/24_hr_format_fpga_clock/24_hr_clock.srcs/constrs_1/new/Basys3_Master.xdc:14]
CRITICAL WARNING: [Common 17-55] 'set_property' expects at least one object. [C:/Users/Darrn/Documents/24_hr_format_fpga_clock/24_hr_clock.srcs/constrs_1/new/Basys3_Master.xdc:14]
Resolution: If [get_<value>] was used to populate the object, check to make sure this command returns at least one valid object.
WARNING: [Vivado 12-584] No ports matched 'SW[1]'. [C:/Users/Darrn/Documents/24_hr_format_fpga_clock/24_hr_clock.srcs/constrs_1/new/Basys3_Master.xdc:15]
CRITICAL WARNING: [Common 17-55] 'set_property' expects at least one object. [C:/Users/Darrn/Documents/24_hr_format_fpga_clock/24_hr_clock.srcs/constrs_1/new/Basys3_Master.xdc:15]
Resolution: If [get_<value>] was used to populate the object, check to make sure this command returns at least one valid object.
WARNING: [Vivado 12-584] No ports matched 'SW[1]'. [C:/Users/Darrn/Documents/24_hr_format_fpga_clock/24_hr_clock.srcs/constrs_1/new/Basys3_Master.xdc:16]
CRITICAL WARNING: [Common 17-55] 'set_property' expects at least one object. [C:/Users/Darrn/Documents/24_hr_format_fpga_clock/24_hr_clock.srcs/constrs_1/new/Basys3_Master.xdc:16]
Resolution: If [get_<value>] was used to populate the object, check to make sure this command returns at least one valid object.
WARNING: [Vivado 12-584] No ports matched 'SW[2]'. [C:/Users/Darrn/Documents/24_hr_format_fpga_clock/24_hr_clock.srcs/constrs_1/new/Basys3_Master.xdc:17]
CRITICAL WARNING: [Common 17-55] 'set_property' expects at least one object. [C:/Users/Darrn/Documents/24_hr_format_fpga_clock/24_hr_clock.srcs/constrs_1/new/Basys3_Master.xdc:17]
Resolution: If [get_<value>] was used to populate the object, check to make sure this command returns at least one valid object.
WARNING: [Vivado 12-584] No ports matched 'SW[2]'. [C:/Users/Darrn/Documents/24_hr_format_fpga_clock/24_hr_clock.srcs/constrs_1/new/Basys3_Master.xdc:18]
CRITICAL WARNING: [Common 17-55] 'set_property' expects at least one object. [C:/Users/Darrn/Documents/24_hr_format_fpga_clock/24_hr_clock.srcs/constrs_1/new/Basys3_Master.xdc:18]
Resolution: If [get_<value>] was used to populate the object, check to make sure this command returns at least one valid object.
WARNING: [Vivado 12-584] No ports matched 'SW[3]'. [C:/Users/Darrn/Documents/24_hr_format_fpga_clock/24_hr_clock.srcs/constrs_1/new/Basys3_Master.xdc:19]
CRITICAL WARNING: [Common 17-55] 'set_property' expects at least one object. [C:/Users/Darrn/Documents/24_hr_format_fpga_clock/24_hr_clock.srcs/constrs_1/new/Basys3_Master.xdc:19]
Resolution: If [get_<value>] was used to populate the object, check to make sure this command returns at least one valid object.
WARNING: [Vivado 12-584] No ports matched 'SW[3]'. [C:/Users/Darrn/Documents/24_hr_format_fpga_clock/24_hr_clock.srcs/constrs_1/new/Basys3_Master.xdc:20]
CRITICAL WARNING: [Common 17-55] 'set_property' expects at least one object. [C:/Users/Darrn/Documents/24_hr_format_fpga_clock/24_hr_clock.srcs/constrs_1/new/Basys3_Master.xdc:20]
Resolution: If [get_<value>] was used to populate the object, check to make sure this command returns at least one valid object.
WARNING: [Vivado 12-584] No ports matched 'SW[4]'. [C:/Users/Darrn/Documents/24_hr_format_fpga_clock/24_hr_clock.srcs/constrs_1/new/Basys3_Master.xdc:21]
CRITICAL WARNING: [Common 17-55] 'set_property' expects at least one object. [C:/Users/Darrn/Documents/24_hr_format_fpga_clock/24_hr_clock.srcs/constrs_1/new/Basys3_Master.xdc:21]
Resolution: If [get_<value>] was used to populate the object, check to make sure this command returns at least one valid object.
WARNING: [Vivado 12-584] No ports matched 'SW[4]'. [C:/Users/Darrn/Documents/24_hr_format_fpga_clock/24_hr_clock.srcs/constrs_1/new/Basys3_Master.xdc:22]
CRITICAL WARNING: [Common 17-55] 'set_property' expects at least one object. [C:/Users/Darrn/Documents/24_hr_format_fpga_clock/24_hr_clock.srcs/constrs_1/new/Basys3_Master.xdc:22]
Resolution: If [get_<value>] was used to populate the object, check to make sure this command returns at least one valid object.
WARNING: [Vivado 12-584] No ports matched 'SW[5]'. [C:/Users/Darrn/Documents/24_hr_format_fpga_clock/24_hr_clock.srcs/constrs_1/new/Basys3_Master.xdc:23]
CRITICAL WARNING: [Common 17-55] 'set_property' expects at least one object. [C:/Users/Darrn/Documents/24_hr_format_fpga_clock/24_hr_clock.srcs/constrs_1/new/Basys3_Master.xdc:23]
Resolution: If [get_<value>] was used to populate the object, check to make sure this command returns at least one valid object.
WARNING: [Vivado 12-584] No ports matched 'SW[5]'. [C:/Users/Darrn/Documents/24_hr_format_fpga_clock/24_hr_clock.srcs/constrs_1/new/Basys3_Master.xdc:24]
CRITICAL WARNING: [Common 17-55] 'set_property' expects at least one object. [C:/Users/Darrn/Documents/24_hr_format_fpga_clock/24_hr_clock.srcs/constrs_1/new/Basys3_Master.xdc:24]
Resolution: If [get_<value>] was used to populate the object, check to make sure this command returns at least one valid object.
WARNING: [Vivado 12-584] No ports matched 'SW[6]'. [C:/Users/Darrn/Documents/24_hr_format_fpga_clock/24_hr_clock.srcs/constrs_1/new/Basys3_Master.xdc:25]
CRITICAL WARNING: [Common 17-55] 'set_property' expects at least one object. [C:/Users/Darrn/Documents/24_hr_format_fpga_clock/24_hr_clock.srcs/constrs_1/new/Basys3_Master.xdc:25]
Resolution: If [get_<value>] was used to populate the object, check to make sure this command returns at least one valid object.
WARNING: [Vivado 12-584] No ports matched 'SW[6]'. [C:/Users/Darrn/Documents/24_hr_format_fpga_clock/24_hr_clock.srcs/constrs_1/new/Basys3_Master.xdc:26]
CRITICAL WARNING: [Common 17-55] 'set_property' expects at least one object. [C:/Users/Darrn/Documents/24_hr_format_fpga_clock/24_hr_clock.srcs/constrs_1/new/Basys3_Master.xdc:26]
Resolution: If [get_<value>] was used to populate the object, check to make sure this command returns at least one valid object.
WARNING: [Vivado 12-584] No ports matched 'SW[7]'. [C:/Users/Darrn/Documents/24_hr_format_fpga_clock/24_hr_clock.srcs/constrs_1/new/Basys3_Master.xdc:27]
CRITICAL WARNING: [Common 17-55] 'set_property' expects at least one object. [C:/Users/Darrn/Documents/24_hr_format_fpga_clock/24_hr_clock.srcs/constrs_1/new/Basys3_Master.xdc:27]
Resolution: If [get_<value>] was used to populate the object, check to make sure this command returns at least one valid object.
WARNING: [Vivado 12-584] No ports matched 'SW[7]'. [C:/Users/Darrn/Documents/24_hr_format_fpga_clock/24_hr_clock.srcs/constrs_1/new/Basys3_Master.xdc:28]
CRITICAL WARNING: [Common 17-55] 'set_property' expects at least one object. [C:/Users/Darrn/Documents/24_hr_format_fpga_clock/24_hr_clock.srcs/constrs_1/new/Basys3_Master.xdc:28]
Resolution: If [get_<value>] was used to populate the object, check to make sure this command returns at least one valid object.
WARNING: [Vivado 12-584] No ports matched 'LED[0]'. [C:/Users/Darrn/Documents/24_hr_format_fpga_clock/24_hr_clock.srcs/constrs_1/new/Basys3_Master.xdc:48]
CRITICAL WARNING: [Common 17-55] 'set_property' expects at least one object. [C:/Users/Darrn/Documents/24_hr_format_fpga_clock/24_hr_clock.srcs/constrs_1/new/Basys3_Master.xdc:48]
Resolution: If [get_<value>] was used to populate the object, check to make sure this command returns at least one valid object.
WARNING: [Vivado 12-584] No ports matched 'LED[0]'. [C:/Users/Darrn/Documents/24_hr_format_fpga_clock/24_hr_clock.srcs/constrs_1/new/Basys3_Master.xdc:49]
CRITICAL WARNING: [Common 17-55] 'set_property' expects at least one object. [C:/Users/Darrn/Documents/24_hr_format_fpga_clock/24_hr_clock.srcs/constrs_1/new/Basys3_Master.xdc:49]
Resolution: If [get_<value>] was used to populate the object, check to make sure this command returns at least one valid object.
WARNING: [Vivado 12-584] No ports matched 'LED[1]'. [C:/Users/Darrn/Documents/24_hr_format_fpga_clock/24_hr_clock.srcs/constrs_1/new/Basys3_Master.xdc:50]
CRITICAL WARNING: [Common 17-55] 'set_property' expects at least one object. [C:/Users/Darrn/Documents/24_hr_format_fpga_clock/24_hr_clock.srcs/constrs_1/new/Basys3_Master.xdc:50]
Resolution: If [get_<value>] was used to populate the object, check to make sure this command returns at least one valid object.
WARNING: [Vivado 12-584] No ports matched 'LED[1]'. [C:/Users/Darrn/Documents/24_hr_format_fpga_clock/24_hr_clock.srcs/constrs_1/new/Basys3_Master.xdc:51]
CRITICAL WARNING: [Common 17-55] 'set_property' expects at least one object. [C:/Users/Darrn/Documents/24_hr_format_fpga_clock/24_hr_clock.srcs/constrs_1/new/Basys3_Master.xdc:51]
Resolution: If [get_<value>] was used to populate the object, check to make sure this command returns at least one valid object.
WARNING: [Vivado 12-584] No ports matched 'LED[2]'. [C:/Users/Darrn/Documents/24_hr_format_fpga_clock/24_hr_clock.srcs/constrs_1/new/Basys3_Master.xdc:52]
CRITICAL WARNING: [Common 17-55] 'set_property' expects at least one object. [C:/Users/Darrn/Documents/24_hr_format_fpga_clock/24_hr_clock.srcs/constrs_1/new/Basys3_Master.xdc:52]
Resolution: If [get_<value>] was used to populate the object, check to make sure this command returns at least one valid object.
WARNING: [Vivado 12-584] No ports matched 'LED[2]'. [C:/Users/Darrn/Documents/24_hr_format_fpga_clock/24_hr_clock.srcs/constrs_1/new/Basys3_Master.xdc:53]
CRITICAL WARNING: [Common 17-55] 'set_property' expects at least one object. [C:/Users/Darrn/Documents/24_hr_format_fpga_clock/24_hr_clock.srcs/constrs_1/new/Basys3_Master.xdc:53]
Resolution: If [get_<value>] was used to populate the object, check to make sure this command returns at least one valid object.
WARNING: [Vivado 12-584] No ports matched 'LED[3]'. [C:/Users/Darrn/Documents/24_hr_format_fpga_clock/24_hr_clock.srcs/constrs_1/new/Basys3_Master.xdc:54]
CRITICAL WARNING: [Common 17-55] 'set_property' expects at least one object. [C:/Users/Darrn/Documents/24_hr_format_fpga_clock/24_hr_clock.srcs/constrs_1/new/Basys3_Master.xdc:54]
Resolution: If [get_<value>] was used to populate the object, check to make sure this command returns at least one valid object.
WARNING: [Vivado 12-584] No ports matched 'LED[3]'. [C:/Users/Darrn/Documents/24_hr_format_fpga_clock/24_hr_clock.srcs/constrs_1/new/Basys3_Master.xdc:55]
CRITICAL WARNING: [Common 17-55] 'set_property' expects at least one object. [C:/Users/Darrn/Documents/24_hr_format_fpga_clock/24_hr_clock.srcs/constrs_1/new/Basys3_Master.xdc:55]
Resolution: If [get_<value>] was used to populate the object, check to make sure this command returns at least one valid object.
WARNING: [Vivado 12-584] No ports matched 'LED[4]'. [C:/Users/Darrn/Documents/24_hr_format_fpga_clock/24_hr_clock.srcs/constrs_1/new/Basys3_Master.xdc:56]
CRITICAL WARNING: [Common 17-55] 'set_property' expects at least one object. [C:/Users/Darrn/Documents/24_hr_format_fpga_clock/24_hr_clock.srcs/constrs_1/new/Basys3_Master.xdc:56]
Resolution: If [get_<value>] was used to populate the object, check to make sure this command returns at least one valid object.
WARNING: [Vivado 12-584] No ports matched 'LED[4]'. [C:/Users/Darrn/Documents/24_hr_format_fpga_clock/24_hr_clock.srcs/constrs_1/new/Basys3_Master.xdc:57]
CRITICAL WARNING: [Common 17-55] 'set_property' expects at least one object. [C:/Users/Darrn/Documents/24_hr_format_fpga_clock/24_hr_clock.srcs/constrs_1/new/Basys3_Master.xdc:57]
Resolution: If [get_<value>] was used to populate the object, check to make sure this command returns at least one valid object.
WARNING: [Vivado 12-584] No ports matched 'LED[5]'. [C:/Users/Darrn/Documents/24_hr_format_fpga_clock/24_hr_clock.srcs/constrs_1/new/Basys3_Master.xdc:58]
CRITICAL WARNING: [Common 17-55] 'set_property' expects at least one object. [C:/Users/Darrn/Documents/24_hr_format_fpga_clock/24_hr_clock.srcs/constrs_1/new/Basys3_Master.xdc:58]
Resolution: If [get_<value>] was used to populate the object, check to make sure this command returns at least one valid object.
WARNING: [Vivado 12-584] No ports matched 'LED[5]'. [C:/Users/Darrn/Documents/24_hr_format_fpga_clock/24_hr_clock.srcs/constrs_1/new/Basys3_Master.xdc:59]
CRITICAL WARNING: [Common 17-55] 'set_property' expects at least one object. [C:/Users/Darrn/Documents/24_hr_format_fpga_clock/24_hr_clock.srcs/constrs_1/new/Basys3_Master.xdc:59]
Resolution: If [get_<value>] was used to populate the object, check to make sure this command returns at least one valid object.
WARNING: [Vivado 12-584] No ports matched 'LED[6]'. [C:/Users/Darrn/Documents/24_hr_format_fpga_clock/24_hr_clock.srcs/constrs_1/new/Basys3_Master.xdc:60]
CRITICAL WARNING: [Common 17-55] 'set_property' expects at least one object. [C:/Users/Darrn/Documents/24_hr_format_fpga_clock/24_hr_clock.srcs/constrs_1/new/Basys3_Master.xdc:60]
Resolution: If [get_<value>] was used to populate the object, check to make sure this command returns at least one valid object.
WARNING: [Vivado 12-584] No ports matched 'LED[6]'. [C:/Users/Darrn/Documents/24_hr_format_fpga_clock/24_hr_clock.srcs/constrs_1/new/Basys3_Master.xdc:61]
CRITICAL WARNING: [Common 17-55] 'set_property' expects at least one object. [C:/Users/Darrn/Documents/24_hr_format_fpga_clock/24_hr_clock.srcs/constrs_1/new/Basys3_Master.xdc:61]
Resolution: If [get_<value>] was used to populate the object, check to make sure this command returns at least one valid object.
WARNING: [Vivado 12-584] No ports matched 'LED[7]'. [C:/Users/Darrn/Documents/24_hr_format_fpga_clock/24_hr_clock.srcs/constrs_1/new/Basys3_Master.xdc:62]
CRITICAL WARNING: [Common 17-55] 'set_property' expects at least one object. [C:/Users/Darrn/Documents/24_hr_format_fpga_clock/24_hr_clock.srcs/constrs_1/new/Basys3_Master.xdc:62]
Resolution: If [get_<value>] was used to populate the object, check to make sure this command returns at least one valid object.
WARNING: [Vivado 12-584] No ports matched 'LED[7]'. [C:/Users/Darrn/Documents/24_hr_format_fpga_clock/24_hr_clock.srcs/constrs_1/new/Basys3_Master.xdc:63]
CRITICAL WARNING: [Common 17-55] 'set_property' expects at least one object. [C:/Users/Darrn/Documents/24_hr_format_fpga_clock/24_hr_clock.srcs/constrs_1/new/Basys3_Master.xdc:63]
Resolution: If [get_<value>] was used to populate the object, check to make sure this command returns at least one valid object.
Finished Parsing XDC File [C:/Users/Darrn/Documents/24_hr_format_fpga_clock/24_hr_clock.srcs/constrs_1/new/Basys3_Master.xdc]
Completed Processing XDC Constraints

Netlist sorting complete. Time (s): cpu = 00:00:00 ; elapsed = 00:00:00 . Memory (MB): peak = 1321.426 ; gain = 0.000
INFO: [Project 1-111] Unisim Transformation Summary:
No Unisim elements were transformed.

Constraint Validation Runtime : Time (s): cpu = 00:00:00 ; elapsed = 00:00:00.003 . Memory (MB): peak = 1321.426 ; gain = 0.000
INFO: [Designutils 20-5440] No compile time benefit to using incremental synthesis; A full resynthesis will be run
INFO: [Designutils 20-4379] Flow is switching to default flow due to incremental criteria not met. If you would like to alter this behaviour and have the flow terminate instead, please set the following parameter config_implementation {autoIncr.Synth.RejectBehavior Terminate}
---------------------------------------------------------------------------------
Finished Constraint Validation : Time (s): cpu = 00:00:10 ; elapsed = 00:00:10 . Memory (MB): peak = 1321.426 ; gain = 38.539
---------------------------------------------------------------------------------
---------------------------------------------------------------------------------
Start Loading Part and Timing Information
---------------------------------------------------------------------------------
Loading part: xc7a35tcpg236-1
---------------------------------------------------------------------------------
Finished Loading Part and Timing Information : Time (s): cpu = 00:00:10 ; elapsed = 00:00:10 . Memory (MB): peak = 1321.426 ; gain = 38.539
---------------------------------------------------------------------------------
---------------------------------------------------------------------------------
Start Applying 'set_property' XDC Constraints
---------------------------------------------------------------------------------
---------------------------------------------------------------------------------
Finished applying 'set_property' XDC Constraints : Time (s): cpu = 00:00:10 ; elapsed = 00:00:10 . Memory (MB): peak = 1321.426 ; gain = 38.539
---------------------------------------------------------------------------------
---------------------------------------------------------------------------------
Finished RTL Optimization Phase 2 : Time (s): cpu = 00:00:10 ; elapsed = 00:00:11 . Memory (MB): peak = 1321.426 ; gain = 38.539
---------------------------------------------------------------------------------
---------------------------------------------------------------------------------
Start RTL Component Statistics 
---------------------------------------------------------------------------------
Detailed RTL Component Info : 
+---Adders : 
	   2 Input   32 Bit       Adders := 1     
	   2 Input    6 Bit       Adders := 6     
	   2 Input    2 Bit       Adders := 1     
+---Registers : 
	                7 Bit    Registers := 5     
	                6 Bit    Registers := 3     
	                4 Bit    Registers := 5     
	                2 Bit    Registers := 1     
	                1 Bit    Registers := 4     
+---Muxes : 
	   4 Input    7 Bit        Muxes := 1     
	   8 Input    6 Bit        Muxes := 1     
	   2 Input    6 Bit        Muxes := 11    
	   4 Input    4 Bit        Muxes := 2     
	   2 Input    4 Bit        Muxes := 4     
	   3 Input    4 Bit        Muxes := 1     
	   8 Input    3 Bit        Muxes := 1     
	   2 Input    3 Bit        Muxes := 2     
	   2 Input    1 Bit        Muxes := 24    
	   3 Input    1 Bit        Muxes := 2     
---------------------------------------------------------------------------------
Finished RTL Component Statistics 
---------------------------------------------------------------------------------
---------------------------------------------------------------------------------
Start Part Resource Summary
---------------------------------------------------------------------------------
Part Resources:
DSPs: 90 (col length:60)
BRAMs: 100 (col length: RAMB18 60 RAMB36 30)
---------------------------------------------------------------------------------
Finished Part Resource Summary
---------------------------------------------------------------------------------
---------------------------------------------------------------------------------
Start Cross Boundary and Area Optimization
---------------------------------------------------------------------------------
WARNING: [Synth 8-7080] Parallel synthesis criteria is not met
---------------------------------------------------------------------------------
Finished Cross Boundary and Area Optimization : Time (s): cpu = 00:00:13 ; elapsed = 00:00:13 . Memory (MB): peak = 1321.426 ; gain = 38.539
---------------------------------------------------------------------------------
---------------------------------------------------------------------------------
Start Applying XDC Timing Constraints
---------------------------------------------------------------------------------
---------------------------------------------------------------------------------
Finished Applying XDC Timing Constraints : Time (s): cpu = 00:00:16 ; elapsed = 00:00:17 . Memory (MB): peak = 1321.426 ; gain = 38.539
---------------------------------------------------------------------------------
---------------------------------------------------------------------------------
Start Timing Optimization
---------------------------------------------------------------------------------
---------------------------------------------------------------------------------
Finished Timing Optimization : Time (s): cpu = 00:00:16 ; elapsed = 00:00:17 . Memory (MB): peak = 1321.426 ; gain = 38.539
---------------------------------------------------------------------------------
---------------------------------------------------------------------------------
Start Technology Mapping
---------------------------------------------------------------------------------
---------------------------------------------------------------------------------
Finished Technology Mapping : Time (s): cpu = 00:00:17 ; elapsed = 00:00:17 . Memory (MB): peak = 1321.426 ; gain = 38.539
---------------------------------------------------------------------------------
---------------------------------------------------------------------------------
Start IO Insertion
---------------------------------------------------------------------------------
---------------------------------------------------------------------------------
Start Flattening Before IO Insertion
---------------------------------------------------------------------------------
---------------------------------------------------------------------------------
Finished Flattening Before IO Insertion
---------------------------------------------------------------------------------
---------------------------------------------------------------------------------
Start Final Netlist Cleanup
---------------------------------------------------------------------------------
---------------------------------------------------------------------------------
Finished Final Netlist Cleanup
---------------------------------------------------------------------------------
---------------------------------------------------------------------------------
Finished IO Insertion : Time (s): cpu = 00:00:20 ; elapsed = 00:00:20 . Memory (MB): peak = 1321.426 ; gain = 38.539
---------------------------------------------------------------------------------
---------------------------------------------------------------------------------
Start Renaming Generated Instances
---------------------------------------------------------------------------------
---------------------------------------------------------------------------------
Finished Renaming Generated Instances : Time (s): cpu = 00:00:20 ; elapsed = 00:00:20 . Memory (MB): peak = 1321.426 ; gain = 38.539
---------------------------------------------------------------------------------
---------------------------------------------------------------------------------
Start Rebuilding User Hierarchy
---------------------------------------------------------------------------------
---------------------------------------------------------------------------------
Finished Rebuilding User Hierarchy : Time (s): cpu = 00:00:20 ; elapsed = 00:00:20 . Memory (MB): peak = 1321.426 ; gain = 38.539
---------------------------------------------------------------------------------
---------------------------------------------------------------------------------
Start Renaming Generated Ports
---------------------------------------------------------------------------------
---------------------------------------------------------------------------------
Finished Renaming Generated Ports : Time (s): cpu = 00:00:20 ; elapsed = 00:00:20 . Memory (MB): peak = 1321.426 ; gain = 38.539
---------------------------------------------------------------------------------
---------------------------------------------------------------------------------
Start Handling Custom Attributes
---------------------------------------------------------------------------------
---------------------------------------------------------------------------------
Finished Handling Custom Attributes : Time (s): cpu = 00:00:20 ; elapsed = 00:00:21 . Memory (MB): peak = 1321.426 ; gain = 38.539
---------------------------------------------------------------------------------
---------------------------------------------------------------------------------
Start Renaming Generated Nets
---------------------------------------------------------------------------------
---------------------------------------------------------------------------------
Finished Renaming Generated Nets : Time (s): cpu = 00:00:20 ; elapsed = 00:00:21 . Memory (MB): peak = 1321.426 ; gain = 38.539
---------------------------------------------------------------------------------
---------------------------------------------------------------------------------
Start Writing Synthesis Report
---------------------------------------------------------------------------------

Report BlackBoxes: 
+-+--------------+----------+
| |BlackBox name |Instances |
+-+--------------+----------+
+-+--------------+----------+

Report Cell Usage: 
+------+-------+------+
|      |Cell   |Count |
+------+-------+------+
|1     |BUFG   |     1|
|2     |CARRY4 |   113|
|3     |LUT1   |    10|
|4     |LUT2   |    78|
|5     |LUT3   |   129|
|6     |LUT4   |   245|
|7     |LUT5   |    82|
|8     |LUT6   |    91|
|9     |FDRE   |   129|
|10    |FDSE   |     2|
|11    |IBUF   |     6|
|12    |OBUF   |    13|
+------+-------+------+
---------------------------------------------------------------------------------
Finished Writing Synthesis Report : Time (s): cpu = 00:00:20 ; elapsed = 00:00:21 . Memory (MB): peak = 1321.426 ; gain = 38.539
---------------------------------------------------------------------------------
Synthesis finished with 0 errors, 0 critical warnings and 1 warnings.
Synthesis Optimization Runtime : Time (s): cpu = 00:00:14 ; elapsed = 00:00:19 . Memory (MB): peak = 1321.426 ; gain = 0.000
Synthesis Optimization Complete : Time (s): cpu = 00:00:20 ; elapsed = 00:00:21 . Memory (MB): peak = 1321.426 ; gain = 38.539
INFO: [Project 1-571] Translating synthesized netlist
Netlist sorting complete. Time (s): cpu = 00:00:00 ; elapsed = 00:00:00.007 . Memory (MB): peak = 1321.426 ; gain = 0.000
INFO: [Netlist 29-17] Analyzing 113 Unisim elements for replacement
INFO: [Netlist 29-28] Unisim Transformation completed in 0 CPU seconds
INFO: [Project 1-570] Preparing netlist for logic optimization
INFO: [Opt 31-138] Pushed 0 inverter(s) to 0 load pin(s).
Netlist sorting complete. Time (s): cpu = 00:00:00 ; elapsed = 00:00:00 . Memory (MB): peak = 1321.426 ; gain = 0.000
INFO: [Project 1-111] Unisim Transformation Summary:
No Unisim elements were transformed.

Synth Design complete, checksum: 36ae0d90
INFO: [Common 17-83] Releasing license: Synthesis
24 Infos, 36 Warnings, 32 Critical Warnings and 0 Errors encountered.
synth_design completed successfully
synth_design: Time (s): cpu = 00:00:23 ; elapsed = 00:00:24 . Memory (MB): peak = 1321.426 ; gain = 38.539
INFO: [runtcl-6] Synthesis results are not added to the cache due to CRITICAL_WARNING
INFO: [Common 17-1381] The checkpoint 'C:/Users/Darrn/Documents/24_hr_format_fpga_clock/24_hr_clock.runs/synth_1/FPGAClock_24hr.dcp' has been generated.
INFO: [runtcl-4] Executing : report_utilization -file FPGAClock_24hr_utilization_synth.rpt -pb FPGAClock_24hr_utilization_synth.pb
INFO: [Common 17-206] Exiting Vivado at Sun Feb  5 18:00:35 2023...
